2022-10-23 23:23:24.054 INFO  [main]com.yang.absence.AbsenceApplication.logStarting:55 -Starting AbsenceApplication using Java 1.8.0_251 on DESKTOP-0PFIU54 with PID 29440 (D:\work\idea\Projects\Absence\target\classes started by 19816 in D:\work\idea\Projects\Absence)
2022-10-23 23:23:24.056 INFO  [main]com.yang.absence.AbsenceApplication.logStartupProfileInfo:675 -No active profile set, falling back to default profiles: default
2022-10-23 23:23:26.129 INFO  [main]o.s.d.repository.config.RepositoryConfigurationDelegate.registerRepositoriesIn:128 -Bootstrapping Spring Data JDBC repositories in DEFAULT mode.
2022-10-23 23:23:26.153 INFO  [main]o.s.d.repository.config.RepositoryConfigurationDelegate.registerRepositoriesIn:188 -Finished Spring Data repository scanning in 18 ms. Found 0 JDBC repository interfaces.
2022-10-23 23:23:26.408 INFO  [main]o.s.c.s.PostProcessorRegistrationDelegate$BeanPostProcessorChecker.postProcessAfterInitialization:376 -Bean 'org.springframework.security.access.expression.method.DefaultMethodSecurityExpressionHandler@38cfecf3' of type [org.springframework.security.access.expression.method.DefaultMethodSecurityExpressionHandler] is not eligible for getting processed by all BeanPostProcessors (for example: not eligible for auto-proxying)
2022-10-23 23:23:26.410 INFO  [main]o.s.c.s.PostProcessorRegistrationDelegate$BeanPostProcessorChecker.postProcessAfterInitialization:376 -Bean 'methodSecurityConfig' of type [org.activiti.spring.boot.MethodSecurityConfig$$EnhancerBySpringCGLIB$$6116bf85] is not eligible for getting processed by all BeanPostProcessors (for example: not eligible for auto-proxying)
2022-10-23 23:23:26.416 INFO  [main]o.s.c.s.PostProcessorRegistrationDelegate$BeanPostProcessorChecker.postProcessAfterInitialization:376 -Bean 'methodSecurityMetadataSource' of type [org.springframework.security.access.method.DelegatingMethodSecurityMetadataSource] is not eligible for getting processed by all BeanPostProcessors (for example: not eligible for auto-proxying)
2022-10-23 23:23:26.674 INFO  [main]o.s.boot.web.embedded.tomcat.TomcatWebServer.initialize:108 -Tomcat initialized with port(s): 9009 (http)
2022-10-23 23:23:26.682 INFO  [main]org.apache.coyote.http11.Http11NioProtocol.log:173 -Initializing ProtocolHandler ["http-nio-9009"]
2022-10-23 23:23:26.682 INFO  [main]org.apache.catalina.core.StandardService.log:173 -Starting service [Tomcat]
2022-10-23 23:23:26.683 INFO  [main]org.apache.catalina.core.StandardEngine.log:173 -Starting Servlet engine: [Apache Tomcat/9.0.45]
2022-10-23 23:23:26.791 INFO  [main]o.a.c.core.ContainerBase.[Tomcat].[localhost].[/absence].log:173 -Initializing Spring embedded WebApplicationContext
2022-10-23 23:23:26.791 INFO  [main]o.s.b.w.s.context.ServletWebServerApplicationContext.prepareWebApplicationContext:289 -Root WebApplicationContext: initialization completed in 2685 ms
2022-10-23 23:23:27.441 INFO  [main]o.s.b.a.s.servlet.UserDetailsServiceAutoConfiguration.getOrDeducePassword:86 -

Using generated security password: 33175d3d-df3e-4f1b-bba4-e5b37e337684

2022-10-23 23:23:27.482 INFO  [main]org.activiti.spring.boot.ProcessDefinitionResourceFinder.discoverProcessDefinitionResources:52 -No process definitions were found for auto-deployment in the location `classpath:**/processes/`
2022-10-23 23:23:27.782 INFO  [main]com.zaxxer.hikari.HikariDataSource.getConnection:110 -HikariPool-1 - Starting...
2022-10-23 23:23:28.331 INFO  [main]com.zaxxer.hikari.HikariDataSource.getConnection:123 -HikariPool-1 - Start completed.
2022-10-23 23:23:28.752 INFO  [main]o.a.e.c.DefaultActiviti5CompatibilityHandlerFactory.createActiviti5CompatibilityHandler:38 -Activiti 5 compatibility handler implementation not found or error during instantiation : org.activiti.compatibility.DefaultActiviti5CompatibilityHandler. Activiti 5 backwards compatibility disabled.
2022-10-23 23:23:28.825 INFO  [main]org.activiti.engine.impl.ProcessEngineImpl.<init>:74 -ProcessEngine default created
2022-10-23 23:23:29.223 INFO  [main]o.s.boot.actuate.endpoint.web.EndpointLinksResolver.<init>:58 -Exposing 2 endpoint(s) beneath base path '/actuator'
2022-10-23 23:23:29.470 INFO  [main]o.s.security.web.DefaultSecurityFilterChain.<init>:51 -Will secure any request with [org.springframework.security.web.context.request.async.WebAsyncManagerIntegrationFilter@3922b297, org.springframework.security.web.context.SecurityContextPersistenceFilter@3c7db0e8, org.springframework.security.web.header.HeaderWriterFilter@4714f447, org.springframework.security.web.authentication.logout.LogoutFilter@27bf574b, org.springframework.security.web.savedrequest.RequestCacheAwareFilter@13dc383b, org.springframework.security.web.servletapi.SecurityContextHolderAwareRequestFilter@452e2210, org.springframework.security.web.authentication.AnonymousAuthenticationFilter@2d02a066, org.springframework.security.web.session.SessionManagementFilter@2c06e145, org.springframework.security.web.access.ExceptionTranslationFilter@7bad18f5]
2022-10-23 23:23:29.494 INFO  [main]s.d.s.web.PropertySourcedRequestMappingHandlerMapping.initHandlerMethods:69 -Mapped URL path [/v2/api-docs] onto method [springfox.documentation.swagger2.web.Swagger2Controller#getDocumentation(String, HttpServletRequest)]
2022-10-23 23:23:30.025 INFO  [main]org.apache.coyote.http11.Http11NioProtocol.log:173 -Starting ProtocolHandler ["http-nio-9009"]
2022-10-23 23:23:30.042 INFO  [main]o.s.boot.web.embedded.tomcat.TomcatWebServer.start:220 -Tomcat started on port(s): 9009 (http) with context path '/absence'
2022-10-23 23:23:30.043 INFO  [main]s.d.spring.web.plugins.DocumentationPluginsBootstrapper.start:160 -Context refreshed
2022-10-23 23:23:30.062 INFO  [main]s.d.spring.web.plugins.DocumentationPluginsBootstrapper.start:163 -Found 1 custom documentation plugin(s)
2022-10-23 23:23:30.097 INFO  [main]s.d.spring.web.scanners.ApiListingReferenceScanner.scan:41 -Scanning for api listing references
2022-10-23 23:23:30.229 INFO  [main]s.d.s.w.readers.operation.CachingOperationNameGenerator.startingWith:40 -Generating unique operation named: addUsingPOST_1
2022-10-23 23:23:30.231 INFO  [main]s.d.s.w.readers.operation.CachingOperationNameGenerator.startingWith:40 -Generating unique operation named: deleteByIdUsingDELETE_1
2022-10-23 23:23:30.233 INFO  [main]s.d.s.w.readers.operation.CachingOperationNameGenerator.startingWith:40 -Generating unique operation named: editUsingPUT_1
2022-10-23 23:23:30.236 INFO  [main]s.d.s.w.readers.operation.CachingOperationNameGenerator.startingWith:40 -Generating unique operation named: queryByIdUsingGET_1
2022-10-23 23:23:30.264 INFO  [main]com.yang.absence.AbsenceApplication.logStarted:61 -Started AbsenceApplication in 6.609 seconds (JVM running for 7.696)
2022-10-23 23:23:30.650 INFO  [RMI TCP Connection(1)-192.168.220.1]com.zaxxer.hikari.HikariDataSource.getConnection:110 -HikariPool-2 - Starting...
2022-10-23 23:23:30.666 INFO  [RMI TCP Connection(1)-192.168.220.1]com.zaxxer.hikari.HikariDataSource.getConnection:123 -HikariPool-2 - Start completed.
2022-10-23 23:23:31.047 INFO  [RMI TCP Connection(3)-192.168.220.1]o.a.c.core.ContainerBase.[Tomcat].[localhost].[/absence].log:173 -Initializing Spring DispatcherServlet 'dispatcherServlet'
2022-10-23 23:23:31.047 INFO  [RMI TCP Connection(3)-192.168.220.1]org.springframework.web.servlet.DispatcherServlet.initServletBean:525 -Initializing Servlet 'dispatcherServlet'
2022-10-23 23:23:31.049 INFO  [RMI TCP Connection(3)-192.168.220.1]org.springframework.web.servlet.DispatcherServlet.initServletBean:547 -Completed initialization in 1 ms
2022-10-23 23:24:56.905 INFO  [SpringContextShutdownHook]com.zaxxer.hikari.HikariDataSource.close:350 -HikariPool-2 - Shutdown initiated...
2022-10-23 23:24:56.917 INFO  [SpringContextShutdownHook]com.zaxxer.hikari.HikariDataSource.close:352 -HikariPool-2 - Shutdown completed.
2022-10-23 23:24:56.924 INFO  [SpringContextShutdownHook]com.zaxxer.hikari.HikariDataSource.close:350 -HikariPool-1 - Shutdown initiated...
2022-10-23 23:24:56.934 INFO  [SpringContextShutdownHook]com.zaxxer.hikari.HikariDataSource.close:352 -HikariPool-1 - Shutdown completed.
2022-10-23 23:25:00.554 INFO  [main]com.yang.absence.AbsenceApplication.logStarting:55 -Starting AbsenceApplication using Java 1.8.0_251 on DESKTOP-0PFIU54 with PID 27480 (D:\work\idea\Projects\Absence\target\classes started by 19816 in D:\work\idea\Projects\Absence)
2022-10-23 23:25:00.557 INFO  [main]com.yang.absence.AbsenceApplication.logStartupProfileInfo:675 -No active profile set, falling back to default profiles: default
2022-10-23 23:25:01.980 INFO  [main]o.s.d.repository.config.RepositoryConfigurationDelegate.registerRepositoriesIn:128 -Bootstrapping Spring Data JDBC repositories in DEFAULT mode.
2022-10-23 23:25:01.999 INFO  [main]o.s.d.repository.config.RepositoryConfigurationDelegate.registerRepositoriesIn:188 -Finished Spring Data repository scanning in 16 ms. Found 0 JDBC repository interfaces.
2022-10-23 23:25:02.206 INFO  [main]o.s.c.s.PostProcessorRegistrationDelegate$BeanPostProcessorChecker.postProcessAfterInitialization:376 -Bean 'org.springframework.security.access.expression.method.DefaultMethodSecurityExpressionHandler@66756662' of type [org.springframework.security.access.expression.method.DefaultMethodSecurityExpressionHandler] is not eligible for getting processed by all BeanPostProcessors (for example: not eligible for auto-proxying)
2022-10-23 23:25:02.209 INFO  [main]o.s.c.s.PostProcessorRegistrationDelegate$BeanPostProcessorChecker.postProcessAfterInitialization:376 -Bean 'methodSecurityConfig' of type [org.activiti.spring.boot.MethodSecurityConfig$$EnhancerBySpringCGLIB$$fac05d2e] is not eligible for getting processed by all BeanPostProcessors (for example: not eligible for auto-proxying)
2022-10-23 23:25:02.217 INFO  [main]o.s.c.s.PostProcessorRegistrationDelegate$BeanPostProcessorChecker.postProcessAfterInitialization:376 -Bean 'methodSecurityMetadataSource' of type [org.springframework.security.access.method.DelegatingMethodSecurityMetadataSource] is not eligible for getting processed by all BeanPostProcessors (for example: not eligible for auto-proxying)
2022-10-23 23:25:02.396 INFO  [main]o.s.boot.web.embedded.tomcat.TomcatWebServer.initialize:108 -Tomcat initialized with port(s): 9009 (http)
2022-10-23 23:25:02.402 INFO  [main]org.apache.coyote.http11.Http11NioProtocol.log:173 -Initializing ProtocolHandler ["http-nio-9009"]
2022-10-23 23:25:02.402 INFO  [main]org.apache.catalina.core.StandardService.log:173 -Starting service [Tomcat]
2022-10-23 23:25:02.402 INFO  [main]org.apache.catalina.core.StandardEngine.log:173 -Starting Servlet engine: [Apache Tomcat/9.0.45]
2022-10-23 23:25:02.493 INFO  [main]o.a.c.core.ContainerBase.[Tomcat].[localhost].[/absence].log:173 -Initializing Spring embedded WebApplicationContext
2022-10-23 23:25:02.493 INFO  [main]o.s.b.w.s.context.ServletWebServerApplicationContext.prepareWebApplicationContext:289 -Root WebApplicationContext: initialization completed in 1896 ms
2022-10-23 23:25:02.976 INFO  [main]o.s.b.a.s.servlet.UserDetailsServiceAutoConfiguration.getOrDeducePassword:86 -

Using generated security password: 293e6d8b-8a1f-4d4f-b24b-b1b57b5096bb

2022-10-23 23:25:03.016 INFO  [main]org.activiti.spring.boot.ProcessDefinitionResourceFinder.discoverProcessDefinitionResources:52 -No process definitions were found for auto-deployment in the location `classpath:**/processes/`
2022-10-23 23:25:03.375 INFO  [main]com.zaxxer.hikari.HikariDataSource.getConnection:110 -HikariPool-1 - Starting...
2022-10-23 23:25:03.882 INFO  [main]com.zaxxer.hikari.HikariDataSource.getConnection:123 -HikariPool-1 - Start completed.
2022-10-23 23:25:04.293 INFO  [main]o.a.e.c.DefaultActiviti5CompatibilityHandlerFactory.createActiviti5CompatibilityHandler:38 -Activiti 5 compatibility handler implementation not found or error during instantiation : org.activiti.compatibility.DefaultActiviti5CompatibilityHandler. Activiti 5 backwards compatibility disabled.
2022-10-23 23:25:04.342 INFO  [main]org.activiti.engine.impl.ProcessEngineImpl.<init>:74 -ProcessEngine default created
2022-10-23 23:25:04.620 INFO  [main]o.s.boot.actuate.endpoint.web.EndpointLinksResolver.<init>:58 -Exposing 2 endpoint(s) beneath base path '/actuator'
2022-10-23 23:25:04.889 INFO  [main]o.s.security.web.DefaultSecurityFilterChain.<init>:51 -Will secure any request with [org.springframework.security.web.context.request.async.WebAsyncManagerIntegrationFilter@3922b297, org.springframework.security.web.context.SecurityContextPersistenceFilter@3c7db0e8, org.springframework.security.web.header.HeaderWriterFilter@4714f447, org.springframework.security.web.authentication.logout.LogoutFilter@27bf574b, org.springframework.security.web.savedrequest.RequestCacheAwareFilter@13dc383b, org.springframework.security.web.servletapi.SecurityContextHolderAwareRequestFilter@452e2210, org.springframework.security.web.authentication.AnonymousAuthenticationFilter@2d02a066, org.springframework.security.web.session.SessionManagementFilter@2c06e145, org.springframework.security.web.access.ExceptionTranslationFilter@7bad18f5]
2022-10-23 23:25:04.916 INFO  [main]s.d.s.web.PropertySourcedRequestMappingHandlerMapping.initHandlerMethods:69 -Mapped URL path [/v2/api-docs] onto method [springfox.documentation.swagger2.web.Swagger2Controller#getDocumentation(String, HttpServletRequest)]
2022-10-23 23:25:05.441 INFO  [main]org.apache.coyote.http11.Http11NioProtocol.log:173 -Starting ProtocolHandler ["http-nio-9009"]
2022-10-23 23:25:05.461 INFO  [main]o.s.boot.web.embedded.tomcat.TomcatWebServer.start:220 -Tomcat started on port(s): 9009 (http) with context path '/absence'
2022-10-23 23:25:05.462 INFO  [main]s.d.spring.web.plugins.DocumentationPluginsBootstrapper.start:160 -Context refreshed
2022-10-23 23:25:05.491 INFO  [main]s.d.spring.web.plugins.DocumentationPluginsBootstrapper.start:163 -Found 1 custom documentation plugin(s)
2022-10-23 23:25:05.518 INFO  [main]s.d.spring.web.scanners.ApiListingReferenceScanner.scan:41 -Scanning for api listing references
2022-10-23 23:25:05.622 INFO  [main]s.d.s.w.readers.operation.CachingOperationNameGenerator.startingWith:40 -Generating unique operation named: addUsingPOST_1
2022-10-23 23:25:05.623 INFO  [main]s.d.s.w.readers.operation.CachingOperationNameGenerator.startingWith:40 -Generating unique operation named: deleteByIdUsingDELETE_1
2022-10-23 23:25:05.625 INFO  [main]s.d.s.w.readers.operation.CachingOperationNameGenerator.startingWith:40 -Generating unique operation named: editUsingPUT_1
2022-10-23 23:25:05.628 INFO  [main]s.d.s.w.readers.operation.CachingOperationNameGenerator.startingWith:40 -Generating unique operation named: queryByIdUsingGET_1
2022-10-23 23:25:05.652 INFO  [main]com.yang.absence.AbsenceApplication.logStarted:61 -Started AbsenceApplication in 5.432 seconds (JVM running for 6.577)
2022-10-23 23:25:06.309 INFO  [RMI TCP Connection(4)-192.168.220.1]o.a.c.core.ContainerBase.[Tomcat].[localhost].[/absence].log:173 -Initializing Spring DispatcherServlet 'dispatcherServlet'
2022-10-23 23:25:06.309 INFO  [RMI TCP Connection(4)-192.168.220.1]org.springframework.web.servlet.DispatcherServlet.initServletBean:525 -Initializing Servlet 'dispatcherServlet'
2022-10-23 23:25:06.311 INFO  [RMI TCP Connection(3)-192.168.220.1]com.zaxxer.hikari.HikariDataSource.getConnection:110 -HikariPool-2 - Starting...
2022-10-23 23:25:06.311 INFO  [RMI TCP Connection(4)-192.168.220.1]org.springframework.web.servlet.DispatcherServlet.initServletBean:547 -Completed initialization in 2 ms
2022-10-23 23:25:06.326 INFO  [RMI TCP Connection(3)-192.168.220.1]com.zaxxer.hikari.HikariDataSource.getConnection:123 -HikariPool-2 - Start completed.
2022-10-23 23:25:06.988 INFO  [SpringContextShutdownHook]com.zaxxer.hikari.HikariDataSource.close:350 -HikariPool-2 - Shutdown initiated...
2022-10-23 23:25:06.995 INFO  [SpringContextShutdownHook]com.zaxxer.hikari.HikariDataSource.close:352 -HikariPool-2 - Shutdown completed.
2022-10-23 23:25:06.998 INFO  [SpringContextShutdownHook]com.zaxxer.hikari.HikariDataSource.close:350 -HikariPool-1 - Shutdown initiated...
2022-10-23 23:25:07.004 INFO  [SpringContextShutdownHook]com.zaxxer.hikari.HikariDataSource.close:352 -HikariPool-1 - Shutdown completed.
2022-10-23 23:25:10.746 INFO  [main]com.yang.absence.AbsenceApplication.logStarting:55 -Starting AbsenceApplication using Java 1.8.0_251 on DESKTOP-0PFIU54 with PID 26992 (D:\work\idea\Projects\Absence\target\classes started by 19816 in D:\work\idea\Projects\Absence)
2022-10-23 23:25:10.748 INFO  [main]com.yang.absence.AbsenceApplication.logStartupProfileInfo:675 -No active profile set, falling back to default profiles: default
2022-10-23 23:25:12.187 INFO  [main]o.s.d.repository.config.RepositoryConfigurationDelegate.registerRepositoriesIn:128 -Bootstrapping Spring Data JDBC repositories in DEFAULT mode.
2022-10-23 23:25:12.199 INFO  [main]o.s.d.repository.config.RepositoryConfigurationDelegate.registerRepositoriesIn:188 -Finished Spring Data repository scanning in 8 ms. Found 0 JDBC repository interfaces.
2022-10-23 23:25:12.495 INFO  [main]o.s.c.s.PostProcessorRegistrationDelegate$BeanPostProcessorChecker.postProcessAfterInitialization:376 -Bean 'org.springframework.security.access.expression.method.DefaultMethodSecurityExpressionHandler@2b79c8ff' of type [org.springframework.security.access.expression.method.DefaultMethodSecurityExpressionHandler] is not eligible for getting processed by all BeanPostProcessors (for example: not eligible for auto-proxying)
2022-10-23 23:25:12.498 INFO  [main]o.s.c.s.PostProcessorRegistrationDelegate$BeanPostProcessorChecker.postProcessAfterInitialization:376 -Bean 'methodSecurityConfig' of type [org.activiti.spring.boot.MethodSecurityConfig$$EnhancerBySpringCGLIB$$aeba08df] is not eligible for getting processed by all BeanPostProcessors (for example: not eligible for auto-proxying)
2022-10-23 23:25:12.504 INFO  [main]o.s.c.s.PostProcessorRegistrationDelegate$BeanPostProcessorChecker.postProcessAfterInitialization:376 -Bean 'methodSecurityMetadataSource' of type [org.springframework.security.access.method.DelegatingMethodSecurityMetadataSource] is not eligible for getting processed by all BeanPostProcessors (for example: not eligible for auto-proxying)
2022-10-23 23:25:12.680 INFO  [main]o.s.boot.web.embedded.tomcat.TomcatWebServer.initialize:108 -Tomcat initialized with port(s): 9009 (http)
2022-10-23 23:25:12.687 INFO  [main]org.apache.coyote.http11.Http11NioProtocol.log:173 -Initializing ProtocolHandler ["http-nio-9009"]
2022-10-23 23:25:12.688 INFO  [main]org.apache.catalina.core.StandardService.log:173 -Starting service [Tomcat]
2022-10-23 23:25:12.688 INFO  [main]org.apache.catalina.core.StandardEngine.log:173 -Starting Servlet engine: [Apache Tomcat/9.0.45]
2022-10-23 23:25:12.780 INFO  [main]o.a.c.core.ContainerBase.[Tomcat].[localhost].[/absence].log:173 -Initializing Spring embedded WebApplicationContext
2022-10-23 23:25:12.780 INFO  [main]o.s.b.w.s.context.ServletWebServerApplicationContext.prepareWebApplicationContext:289 -Root WebApplicationContext: initialization completed in 1994 ms
2022-10-23 23:25:13.259 INFO  [main]o.s.b.a.s.servlet.UserDetailsServiceAutoConfiguration.getOrDeducePassword:86 -

Using generated security password: fe40d6c5-868f-4a5b-a0aa-b1a4a46860db

2022-10-23 23:25:13.300 INFO  [main]org.activiti.spring.boot.ProcessDefinitionResourceFinder.discoverProcessDefinitionResources:52 -No process definitions were found for auto-deployment in the location `classpath:**/processes/`
2022-10-23 23:25:13.568 INFO  [main]com.zaxxer.hikari.HikariDataSource.getConnection:110 -HikariPool-1 - Starting...
2022-10-23 23:25:14.014 INFO  [main]com.zaxxer.hikari.HikariDataSource.getConnection:123 -HikariPool-1 - Start completed.
2022-10-23 23:25:14.434 INFO  [main]o.a.e.c.DefaultActiviti5CompatibilityHandlerFactory.createActiviti5CompatibilityHandler:38 -Activiti 5 compatibility handler implementation not found or error during instantiation : org.activiti.compatibility.DefaultActiviti5CompatibilityHandler. Activiti 5 backwards compatibility disabled.
2022-10-23 23:25:14.486 INFO  [main]org.activiti.engine.impl.ProcessEngineImpl.<init>:74 -ProcessEngine default created
2022-10-23 23:25:14.927 INFO  [main]o.s.boot.actuate.endpoint.web.EndpointLinksResolver.<init>:58 -Exposing 2 endpoint(s) beneath base path '/actuator'
2022-10-23 23:25:15.106 INFO  [main]o.s.security.web.DefaultSecurityFilterChain.<init>:51 -Will secure any request with [org.springframework.security.web.context.request.async.WebAsyncManagerIntegrationFilter@5c03eb4e, org.springframework.security.web.context.SecurityContextPersistenceFilter@4b7a4c83, org.springframework.security.web.header.HeaderWriterFilter@261609a7, org.springframework.security.web.authentication.logout.LogoutFilter@5a69b3cf, org.springframework.security.web.savedrequest.RequestCacheAwareFilter@165824f5, org.springframework.security.web.servletapi.SecurityContextHolderAwareRequestFilter@3b780b5c, org.springframework.security.web.authentication.AnonymousAuthenticationFilter@6219006a, org.springframework.security.web.session.SessionManagementFilter@4714f447, org.springframework.security.web.access.ExceptionTranslationFilter@41c88e00]
2022-10-23 23:25:15.124 INFO  [main]s.d.s.web.PropertySourcedRequestMappingHandlerMapping.initHandlerMethods:69 -Mapped URL path [/v2/api-docs] onto method [springfox.documentation.swagger2.web.Swagger2Controller#getDocumentation(String, HttpServletRequest)]
2022-10-23 23:25:15.562 INFO  [main]org.apache.coyote.http11.Http11NioProtocol.log:173 -Starting ProtocolHandler ["http-nio-9009"]
2022-10-23 23:25:15.576 INFO  [main]o.s.boot.web.embedded.tomcat.TomcatWebServer.start:220 -Tomcat started on port(s): 9009 (http) with context path '/absence'
2022-10-23 23:25:15.577 INFO  [main]s.d.spring.web.plugins.DocumentationPluginsBootstrapper.start:160 -Context refreshed
2022-10-23 23:25:15.591 INFO  [main]s.d.spring.web.plugins.DocumentationPluginsBootstrapper.start:163 -Found 1 custom documentation plugin(s)
2022-10-23 23:25:15.619 INFO  [main]s.d.spring.web.scanners.ApiListingReferenceScanner.scan:41 -Scanning for api listing references
2022-10-23 23:25:15.728 INFO  [main]s.d.s.w.readers.operation.CachingOperationNameGenerator.startingWith:40 -Generating unique operation named: addUsingPOST_1
2022-10-23 23:25:15.730 INFO  [main]s.d.s.w.readers.operation.CachingOperationNameGenerator.startingWith:40 -Generating unique operation named: deleteByIdUsingDELETE_1
2022-10-23 23:25:15.732 INFO  [main]s.d.s.w.readers.operation.CachingOperationNameGenerator.startingWith:40 -Generating unique operation named: editUsingPUT_1
2022-10-23 23:25:15.734 INFO  [main]s.d.s.w.readers.operation.CachingOperationNameGenerator.startingWith:40 -Generating unique operation named: queryByIdUsingGET_1
2022-10-23 23:25:15.760 INFO  [main]com.yang.absence.AbsenceApplication.logStarted:61 -Started AbsenceApplication in 5.41 seconds (JVM running for 6.78)
2022-10-23 23:25:16.318 INFO  [RMI TCP Connection(3)-192.168.220.1]o.a.c.core.ContainerBase.[Tomcat].[localhost].[/absence].log:173 -Initializing Spring DispatcherServlet 'dispatcherServlet'
2022-10-23 23:25:16.319 INFO  [RMI TCP Connection(3)-192.168.220.1]org.springframework.web.servlet.DispatcherServlet.initServletBean:525 -Initializing Servlet 'dispatcherServlet'
2022-10-23 23:25:16.320 INFO  [RMI TCP Connection(4)-192.168.220.1]com.zaxxer.hikari.HikariDataSource.getConnection:110 -HikariPool-2 - Starting...
2022-10-23 23:25:16.320 INFO  [RMI TCP Connection(3)-192.168.220.1]org.springframework.web.servlet.DispatcherServlet.initServletBean:547 -Completed initialization in 1 ms
2022-10-23 23:25:16.352 INFO  [RMI TCP Connection(4)-192.168.220.1]com.zaxxer.hikari.HikariDataSource.getConnection:123 -HikariPool-2 - Start completed.
2022-10-23 23:25:18.098 INFO  [SpringContextShutdownHook]com.zaxxer.hikari.HikariDataSource.close:350 -HikariPool-2 - Shutdown initiated...
2022-10-23 23:25:18.105 INFO  [SpringContextShutdownHook]com.zaxxer.hikari.HikariDataSource.close:352 -HikariPool-2 - Shutdown completed.
2022-10-23 23:25:18.109 INFO  [SpringContextShutdownHook]com.zaxxer.hikari.HikariDataSource.close:350 -HikariPool-1 - Shutdown initiated...
2022-10-23 23:25:18.115 INFO  [SpringContextShutdownHook]com.zaxxer.hikari.HikariDataSource.close:352 -HikariPool-1 - Shutdown completed.
2022-10-23 23:25:21.606 INFO  [main]com.yang.absence.AbsenceApplication.logStarting:55 -Starting AbsenceApplication using Java 1.8.0_251 on DESKTOP-0PFIU54 with PID 8884 (D:\work\idea\Projects\Absence\target\classes started by 19816 in D:\work\idea\Projects\Absence)
2022-10-23 23:25:21.609 INFO  [main]com.yang.absence.AbsenceApplication.logStartupProfileInfo:675 -No active profile set, falling back to default profiles: default
2022-10-23 23:25:23.002 INFO  [main]o.s.d.repository.config.RepositoryConfigurationDelegate.registerRepositoriesIn:128 -Bootstrapping Spring Data JDBC repositories in DEFAULT mode.
2022-10-23 23:25:23.012 INFO  [main]o.s.d.repository.config.RepositoryConfigurationDelegate.registerRepositoriesIn:188 -Finished Spring Data repository scanning in 8 ms. Found 0 JDBC repository interfaces.
2022-10-23 23:25:23.221 INFO  [main]o.s.c.s.PostProcessorRegistrationDelegate$BeanPostProcessorChecker.postProcessAfterInitialization:376 -Bean 'org.springframework.security.access.expression.method.DefaultMethodSecurityExpressionHandler@38cfecf3' of type [org.springframework.security.access.expression.method.DefaultMethodSecurityExpressionHandler] is not eligible for getting processed by all BeanPostProcessors (for example: not eligible for auto-proxying)
2022-10-23 23:25:23.223 INFO  [main]o.s.c.s.PostProcessorRegistrationDelegate$BeanPostProcessorChecker.postProcessAfterInitialization:376 -Bean 'methodSecurityConfig' of type [org.activiti.spring.boot.MethodSecurityConfig$$EnhancerBySpringCGLIB$$6116bf85] is not eligible for getting processed by all BeanPostProcessors (for example: not eligible for auto-proxying)
2022-10-23 23:25:23.229 INFO  [main]o.s.c.s.PostProcessorRegistrationDelegate$BeanPostProcessorChecker.postProcessAfterInitialization:376 -Bean 'methodSecurityMetadataSource' of type [org.springframework.security.access.method.DelegatingMethodSecurityMetadataSource] is not eligible for getting processed by all BeanPostProcessors (for example: not eligible for auto-proxying)
2022-10-23 23:25:23.404 INFO  [main]o.s.boot.web.embedded.tomcat.TomcatWebServer.initialize:108 -Tomcat initialized with port(s): 9009 (http)
2022-10-23 23:25:23.410 INFO  [main]org.apache.coyote.http11.Http11NioProtocol.log:173 -Initializing ProtocolHandler ["http-nio-9009"]
2022-10-23 23:25:23.410 INFO  [main]org.apache.catalina.core.StandardService.log:173 -Starting service [Tomcat]
2022-10-23 23:25:23.410 INFO  [main]org.apache.catalina.core.StandardEngine.log:173 -Starting Servlet engine: [Apache Tomcat/9.0.45]
2022-10-23 23:25:23.504 INFO  [main]o.a.c.core.ContainerBase.[Tomcat].[localhost].[/absence].log:173 -Initializing Spring embedded WebApplicationContext
2022-10-23 23:25:23.504 INFO  [main]o.s.b.w.s.context.ServletWebServerApplicationContext.prepareWebApplicationContext:289 -Root WebApplicationContext: initialization completed in 1856 ms
2022-10-23 23:25:23.961 INFO  [main]o.s.b.a.s.servlet.UserDetailsServiceAutoConfiguration.getOrDeducePassword:86 -

Using generated security password: f9cad9ff-8d1e-4517-9cce-f0826bc08bbb

2022-10-23 23:25:24.000 INFO  [main]org.activiti.spring.boot.ProcessDefinitionResourceFinder.discoverProcessDefinitionResources:52 -No process definitions were found for auto-deployment in the location `classpath:**/processes/`
2022-10-23 23:25:24.266 INFO  [main]com.zaxxer.hikari.HikariDataSource.getConnection:110 -HikariPool-1 - Starting...
2022-10-23 23:25:24.717 INFO  [main]com.zaxxer.hikari.HikariDataSource.getConnection:123 -HikariPool-1 - Start completed.
2022-10-23 23:25:25.122 INFO  [main]o.a.e.c.DefaultActiviti5CompatibilityHandlerFactory.createActiviti5CompatibilityHandler:38 -Activiti 5 compatibility handler implementation not found or error during instantiation : org.activiti.compatibility.DefaultActiviti5CompatibilityHandler. Activiti 5 backwards compatibility disabled.
2022-10-23 23:25:25.168 INFO  [main]org.activiti.engine.impl.ProcessEngineImpl.<init>:74 -ProcessEngine default created
2022-10-23 23:25:25.443 INFO  [main]o.s.boot.actuate.endpoint.web.EndpointLinksResolver.<init>:58 -Exposing 2 endpoint(s) beneath base path '/actuator'
2022-10-23 23:25:25.613 INFO  [main]o.s.security.web.DefaultSecurityFilterChain.<init>:51 -Will secure any request with [org.springframework.security.web.context.request.async.WebAsyncManagerIntegrationFilter@3922b297, org.springframework.security.web.context.SecurityContextPersistenceFilter@3c7db0e8, org.springframework.security.web.header.HeaderWriterFilter@4714f447, org.springframework.security.web.authentication.logout.LogoutFilter@27bf574b, org.springframework.security.web.savedrequest.RequestCacheAwareFilter@13dc383b, org.springframework.security.web.servletapi.SecurityContextHolderAwareRequestFilter@452e2210, org.springframework.security.web.authentication.AnonymousAuthenticationFilter@2d02a066, org.springframework.security.web.session.SessionManagementFilter@2c06e145, org.springframework.security.web.access.ExceptionTranslationFilter@7bad18f5]
2022-10-23 23:25:25.633 INFO  [main]s.d.s.web.PropertySourcedRequestMappingHandlerMapping.initHandlerMethods:69 -Mapped URL path [/v2/api-docs] onto method [springfox.documentation.swagger2.web.Swagger2Controller#getDocumentation(String, HttpServletRequest)]
2022-10-23 23:25:26.102 INFO  [main]org.apache.coyote.http11.Http11NioProtocol.log:173 -Starting ProtocolHandler ["http-nio-9009"]
2022-10-23 23:25:26.116 INFO  [main]o.s.boot.web.embedded.tomcat.TomcatWebServer.start:220 -Tomcat started on port(s): 9009 (http) with context path '/absence'
2022-10-23 23:25:26.117 INFO  [main]s.d.spring.web.plugins.DocumentationPluginsBootstrapper.start:160 -Context refreshed
2022-10-23 23:25:26.133 INFO  [main]s.d.spring.web.plugins.DocumentationPluginsBootstrapper.start:163 -Found 1 custom documentation plugin(s)
2022-10-23 23:25:26.163 INFO  [main]s.d.spring.web.scanners.ApiListingReferenceScanner.scan:41 -Scanning for api listing references
2022-10-23 23:25:26.275 INFO  [main]s.d.s.w.readers.operation.CachingOperationNameGenerator.startingWith:40 -Generating unique operation named: addUsingPOST_1
2022-10-23 23:25:26.276 INFO  [main]s.d.s.w.readers.operation.CachingOperationNameGenerator.startingWith:40 -Generating unique operation named: deleteByIdUsingDELETE_1
2022-10-23 23:25:26.279 INFO  [main]s.d.s.w.readers.operation.CachingOperationNameGenerator.startingWith:40 -Generating unique operation named: editUsingPUT_1
2022-10-23 23:25:26.282 INFO  [main]s.d.s.w.readers.operation.CachingOperationNameGenerator.startingWith:40 -Generating unique operation named: queryByIdUsingGET_1
2022-10-23 23:25:26.308 INFO  [main]com.yang.absence.AbsenceApplication.logStarted:61 -Started AbsenceApplication in 5.072 seconds (JVM running for 6.286)
2022-10-23 23:25:27.157 INFO  [RMI TCP Connection(1)-192.168.220.1]o.a.c.core.ContainerBase.[Tomcat].[localhost].[/absence].log:173 -Initializing Spring DispatcherServlet 'dispatcherServlet'
2022-10-23 23:25:27.158 INFO  [RMI TCP Connection(1)-192.168.220.1]org.springframework.web.servlet.DispatcherServlet.initServletBean:525 -Initializing Servlet 'dispatcherServlet'
2022-10-23 23:25:27.159 INFO  [RMI TCP Connection(1)-192.168.220.1]org.springframework.web.servlet.DispatcherServlet.initServletBean:547 -Completed initialization in 1 ms
2022-10-23 23:25:27.160 INFO  [RMI TCP Connection(2)-192.168.220.1]com.zaxxer.hikari.HikariDataSource.getConnection:110 -HikariPool-2 - Starting...
2022-10-23 23:25:27.176 INFO  [RMI TCP Connection(2)-192.168.220.1]com.zaxxer.hikari.HikariDataSource.getConnection:123 -HikariPool-2 - Start completed.
2022-10-23 23:26:11.436 INFO  [SpringContextShutdownHook]com.zaxxer.hikari.HikariDataSource.close:350 -HikariPool-2 - Shutdown initiated...
2022-10-23 23:26:11.443 INFO  [SpringContextShutdownHook]com.zaxxer.hikari.HikariDataSource.close:352 -HikariPool-2 - Shutdown completed.
2022-10-23 23:26:11.446 INFO  [SpringContextShutdownHook]com.zaxxer.hikari.HikariDataSource.close:350 -HikariPool-1 - Shutdown initiated...
2022-10-23 23:26:11.448 INFO  [SpringContextShutdownHook]com.zaxxer.hikari.HikariDataSource.close:352 -HikariPool-1 - Shutdown completed.
2022-10-23 23:26:16.641 INFO  [main]com.yang.absence.AbsenceApplication.logStarting:55 -Starting AbsenceApplication using Java 1.8.0_251 on DESKTOP-0PFIU54 with PID 24276 (D:\work\idea\Projects\Absence\target\classes started by 19816 in D:\work\idea\Projects\Absence)
2022-10-23 23:26:16.643 INFO  [main]com.yang.absence.AbsenceApplication.logStartupProfileInfo:675 -No active profile set, falling back to default profiles: default
2022-10-23 23:26:18.221 INFO  [main]o.s.d.repository.config.RepositoryConfigurationDelegate.registerRepositoriesIn:128 -Bootstrapping Spring Data JDBC repositories in DEFAULT mode.
2022-10-23 23:26:18.233 INFO  [main]o.s.d.repository.config.RepositoryConfigurationDelegate.registerRepositoriesIn:188 -Finished Spring Data repository scanning in 8 ms. Found 0 JDBC repository interfaces.
2022-10-23 23:26:18.476 INFO  [main]o.s.c.s.PostProcessorRegistrationDelegate$BeanPostProcessorChecker.postProcessAfterInitialization:376 -Bean 'org.springframework.security.access.expression.method.DefaultMethodSecurityExpressionHandler@66756662' of type [org.springframework.security.access.expression.method.DefaultMethodSecurityExpressionHandler] is not eligible for getting processed by all BeanPostProcessors (for example: not eligible for auto-proxying)
2022-10-23 23:26:18.479 INFO  [main]o.s.c.s.PostProcessorRegistrationDelegate$BeanPostProcessorChecker.postProcessAfterInitialization:376 -Bean 'methodSecurityConfig' of type [org.activiti.spring.boot.MethodSecurityConfig$$EnhancerBySpringCGLIB$$fac05d2e] is not eligible for getting processed by all BeanPostProcessors (for example: not eligible for auto-proxying)
2022-10-23 23:26:18.484 INFO  [main]o.s.c.s.PostProcessorRegistrationDelegate$BeanPostProcessorChecker.postProcessAfterInitialization:376 -Bean 'methodSecurityMetadataSource' of type [org.springframework.security.access.method.DelegatingMethodSecurityMetadataSource] is not eligible for getting processed by all BeanPostProcessors (for example: not eligible for auto-proxying)
2022-10-23 23:26:18.662 INFO  [main]o.s.boot.web.embedded.tomcat.TomcatWebServer.initialize:108 -Tomcat initialized with port(s): 9009 (http)
2022-10-23 23:26:18.667 INFO  [main]org.apache.coyote.http11.Http11NioProtocol.log:173 -Initializing ProtocolHandler ["http-nio-9009"]
2022-10-23 23:26:18.668 INFO  [main]org.apache.catalina.core.StandardService.log:173 -Starting service [Tomcat]
2022-10-23 23:26:18.668 INFO  [main]org.apache.catalina.core.StandardEngine.log:173 -Starting Servlet engine: [Apache Tomcat/9.0.45]
2022-10-23 23:26:18.759 INFO  [main]o.a.c.core.ContainerBase.[Tomcat].[localhost].[/absence].log:173 -Initializing Spring embedded WebApplicationContext
2022-10-23 23:26:18.759 INFO  [main]o.s.b.w.s.context.ServletWebServerApplicationContext.prepareWebApplicationContext:289 -Root WebApplicationContext: initialization completed in 2080 ms
2022-10-23 23:26:19.222 INFO  [main]o.s.b.a.s.servlet.UserDetailsServiceAutoConfiguration.getOrDeducePassword:86 -

Using generated security password: 527a1e19-205e-4f76-b882-8b9383ebe11a

2022-10-23 23:26:19.262 INFO  [main]org.activiti.spring.boot.ProcessDefinitionResourceFinder.discoverProcessDefinitionResources:52 -No process definitions were found for auto-deployment in the location `classpath:**/processes/`
2022-10-23 23:26:19.541 INFO  [main]com.zaxxer.hikari.HikariDataSource.getConnection:110 -HikariPool-1 - Starting...
2022-10-23 23:26:20.038 INFO  [main]com.zaxxer.hikari.HikariDataSource.getConnection:123 -HikariPool-1 - Start completed.
2022-10-23 23:26:20.445 INFO  [main]o.a.e.c.DefaultActiviti5CompatibilityHandlerFactory.createActiviti5CompatibilityHandler:38 -Activiti 5 compatibility handler implementation not found or error during instantiation : org.activiti.compatibility.DefaultActiviti5CompatibilityHandler. Activiti 5 backwards compatibility disabled.
2022-10-23 23:26:20.491 INFO  [main]org.activiti.engine.impl.ProcessEngineImpl.<init>:74 -ProcessEngine default created
2022-10-23 23:26:20.772 INFO  [main]o.s.boot.actuate.endpoint.web.EndpointLinksResolver.<init>:58 -Exposing 2 endpoint(s) beneath base path '/actuator'
2022-10-23 23:26:20.939 INFO  [main]o.s.security.web.DefaultSecurityFilterChain.<init>:51 -Will secure any request with [org.springframework.security.web.context.request.async.WebAsyncManagerIntegrationFilter@647aa45c, org.springframework.security.web.context.SecurityContextPersistenceFilter@3b780b5c, org.springframework.security.web.header.HeaderWriterFilter@54ed249f, org.springframework.security.web.authentication.logout.LogoutFilter@226e95e9, org.springframework.security.web.savedrequest.RequestCacheAwareFilter@84becbe, org.springframework.security.web.servletapi.SecurityContextHolderAwareRequestFilter@15a2fddd, org.springframework.security.web.authentication.AnonymousAuthenticationFilter@3922b297, org.springframework.security.web.session.SessionManagementFilter@424ec990, org.springframework.security.web.access.ExceptionTranslationFilter@63062eea]
2022-10-23 23:26:20.958 INFO  [main]s.d.s.web.PropertySourcedRequestMappingHandlerMapping.initHandlerMethods:69 -Mapped URL path [/v2/api-docs] onto method [springfox.documentation.swagger2.web.Swagger2Controller#getDocumentation(String, HttpServletRequest)]
2022-10-23 23:26:21.407 INFO  [main]org.apache.coyote.http11.Http11NioProtocol.log:173 -Starting ProtocolHandler ["http-nio-9009"]
2022-10-23 23:26:21.421 INFO  [main]o.s.boot.web.embedded.tomcat.TomcatWebServer.start:220 -Tomcat started on port(s): 9009 (http) with context path '/absence'
2022-10-23 23:26:21.422 INFO  [main]s.d.spring.web.plugins.DocumentationPluginsBootstrapper.start:160 -Context refreshed
2022-10-23 23:26:21.437 INFO  [main]s.d.spring.web.plugins.DocumentationPluginsBootstrapper.start:163 -Found 1 custom documentation plugin(s)
2022-10-23 23:26:21.471 INFO  [main]s.d.spring.web.scanners.ApiListingReferenceScanner.scan:41 -Scanning for api listing references
2022-10-23 23:26:21.579 INFO  [main]s.d.s.w.readers.operation.CachingOperationNameGenerator.startingWith:40 -Generating unique operation named: addUsingPOST_1
2022-10-23 23:26:21.580 INFO  [main]s.d.s.w.readers.operation.CachingOperationNameGenerator.startingWith:40 -Generating unique operation named: deleteByIdUsingDELETE_1
2022-10-23 23:26:21.583 INFO  [main]s.d.s.w.readers.operation.CachingOperationNameGenerator.startingWith:40 -Generating unique operation named: editUsingPUT_1
2022-10-23 23:26:21.585 INFO  [main]s.d.s.w.readers.operation.CachingOperationNameGenerator.startingWith:40 -Generating unique operation named: pageQueryUsingPOST_1
2022-10-23 23:26:21.586 INFO  [main]s.d.s.w.readers.operation.CachingOperationNameGenerator.startingWith:40 -Generating unique operation named: queryByIdUsingGET_1
2022-10-23 23:26:21.611 INFO  [main]com.yang.absence.AbsenceApplication.logStarted:61 -Started AbsenceApplication in 5.314 seconds (JVM running for 6.278)
2022-10-23 23:26:21.790 INFO  [RMI TCP Connection(5)-192.168.220.1]o.a.c.core.ContainerBase.[Tomcat].[localhost].[/absence].log:173 -Initializing Spring DispatcherServlet 'dispatcherServlet'
2022-10-23 23:26:21.791 INFO  [RMI TCP Connection(5)-192.168.220.1]org.springframework.web.servlet.DispatcherServlet.initServletBean:525 -Initializing Servlet 'dispatcherServlet'
2022-10-23 23:26:21.792 INFO  [RMI TCP Connection(5)-192.168.220.1]org.springframework.web.servlet.DispatcherServlet.initServletBean:547 -Completed initialization in 1 ms
2022-10-23 23:26:22.208 INFO  [RMI TCP Connection(7)-192.168.220.1]com.zaxxer.hikari.HikariDataSource.getConnection:110 -HikariPool-2 - Starting...
2022-10-23 23:26:22.224 INFO  [RMI TCP Connection(7)-192.168.220.1]com.zaxxer.hikari.HikariDataSource.getConnection:123 -HikariPool-2 - Start completed.
2022-10-23 23:30:13.117 INFO  [SpringContextShutdownHook]com.zaxxer.hikari.HikariDataSource.close:350 -HikariPool-2 - Shutdown initiated...
2022-10-23 23:30:13.126 INFO  [SpringContextShutdownHook]com.zaxxer.hikari.HikariDataSource.close:352 -HikariPool-2 - Shutdown completed.
2022-10-23 23:30:13.130 INFO  [SpringContextShutdownHook]com.zaxxer.hikari.HikariDataSource.close:350 -HikariPool-1 - Shutdown initiated...
2022-10-23 23:30:13.136 INFO  [SpringContextShutdownHook]com.zaxxer.hikari.HikariDataSource.close:352 -HikariPool-1 - Shutdown completed.
2022-10-23 23:30:18.376 INFO  [main]com.yang.absence.AbsenceApplication.logStarting:55 -Starting AbsenceApplication using Java 1.8.0_251 on DESKTOP-0PFIU54 with PID 29032 (D:\work\idea\Projects\Absence\target\classes started by 19816 in D:\work\idea\Projects\Absence)
2022-10-23 23:30:18.379 INFO  [main]com.yang.absence.AbsenceApplication.logStartupProfileInfo:675 -No active profile set, falling back to default profiles: default
2022-10-23 23:30:19.879 INFO  [main]o.s.d.repository.config.RepositoryConfigurationDelegate.registerRepositoriesIn:128 -Bootstrapping Spring Data JDBC repositories in DEFAULT mode.
2022-10-23 23:30:19.901 INFO  [main]o.s.d.repository.config.RepositoryConfigurationDelegate.registerRepositoriesIn:188 -Finished Spring Data repository scanning in 18 ms. Found 0 JDBC repository interfaces.
2022-10-23 23:30:20.109 INFO  [main]o.s.c.s.PostProcessorRegistrationDelegate$BeanPostProcessorChecker.postProcessAfterInitialization:376 -Bean 'org.springframework.security.access.expression.method.DefaultMethodSecurityExpressionHandler@682618e5' of type [org.springframework.security.access.expression.method.DefaultMethodSecurityExpressionHandler] is not eligible for getting processed by all BeanPostProcessors (for example: not eligible for auto-proxying)
2022-10-23 23:30:20.111 INFO  [main]o.s.c.s.PostProcessorRegistrationDelegate$BeanPostProcessorChecker.postProcessAfterInitialization:376 -Bean 'methodSecurityConfig' of type [org.activiti.spring.boot.MethodSecurityConfig$$EnhancerBySpringCGLIB$$76c9439d] is not eligible for getting processed by all BeanPostProcessors (for example: not eligible for auto-proxying)
2022-10-23 23:30:20.117 INFO  [main]o.s.c.s.PostProcessorRegistrationDelegate$BeanPostProcessorChecker.postProcessAfterInitialization:376 -Bean 'methodSecurityMetadataSource' of type [org.springframework.security.access.method.DelegatingMethodSecurityMetadataSource] is not eligible for getting processed by all BeanPostProcessors (for example: not eligible for auto-proxying)
2022-10-23 23:30:20.293 INFO  [main]o.s.boot.web.embedded.tomcat.TomcatWebServer.initialize:108 -Tomcat initialized with port(s): 9009 (http)
2022-10-23 23:30:20.299 INFO  [main]org.apache.coyote.http11.Http11NioProtocol.log:173 -Initializing ProtocolHandler ["http-nio-9009"]
2022-10-23 23:30:20.299 INFO  [main]org.apache.catalina.core.StandardService.log:173 -Starting service [Tomcat]
2022-10-23 23:30:20.299 INFO  [main]org.apache.catalina.core.StandardEngine.log:173 -Starting Servlet engine: [Apache Tomcat/9.0.45]
2022-10-23 23:30:20.392 INFO  [main]o.a.c.core.ContainerBase.[Tomcat].[localhost].[/absence].log:173 -Initializing Spring embedded WebApplicationContext
2022-10-23 23:30:20.392 INFO  [main]o.s.b.w.s.context.ServletWebServerApplicationContext.prepareWebApplicationContext:289 -Root WebApplicationContext: initialization completed in 1968 ms
2022-10-23 23:30:20.867 INFO  [main]o.s.b.a.s.servlet.UserDetailsServiceAutoConfiguration.getOrDeducePassword:86 -

Using generated security password: c79acc36-1768-41a9-bea6-cb65aac35a08

2022-10-23 23:30:20.909 INFO  [main]org.activiti.spring.boot.ProcessDefinitionResourceFinder.discoverProcessDefinitionResources:52 -No process definitions were found for auto-deployment in the location `classpath:**/processes/`
2022-10-23 23:30:21.185 INFO  [main]com.zaxxer.hikari.HikariDataSource.getConnection:110 -HikariPool-1 - Starting...
2022-10-23 23:30:21.633 INFO  [main]com.zaxxer.hikari.HikariDataSource.getConnection:123 -HikariPool-1 - Start completed.
2022-10-23 23:30:22.029 INFO  [main]o.a.e.c.DefaultActiviti5CompatibilityHandlerFactory.createActiviti5CompatibilityHandler:38 -Activiti 5 compatibility handler implementation not found or error during instantiation : org.activiti.compatibility.DefaultActiviti5CompatibilityHandler. Activiti 5 backwards compatibility disabled.
2022-10-23 23:30:22.076 INFO  [main]org.activiti.engine.impl.ProcessEngineImpl.<init>:74 -ProcessEngine default created
2022-10-23 23:30:22.353 INFO  [main]o.s.boot.actuate.endpoint.web.EndpointLinksResolver.<init>:58 -Exposing 2 endpoint(s) beneath base path '/actuator'
2022-10-23 23:30:22.529 INFO  [main]o.s.security.web.DefaultSecurityFilterChain.<init>:51 -Will secure any request with [org.springframework.security.web.context.request.async.WebAsyncManagerIntegrationFilter@c157abf, org.springframework.security.web.context.SecurityContextPersistenceFilter@4bc41565, org.springframework.security.web.header.HeaderWriterFilter@5e0bba2f, org.springframework.security.web.authentication.logout.LogoutFilter@48188d23, org.springframework.security.web.savedrequest.RequestCacheAwareFilter@226e95e9, org.springframework.security.web.servletapi.SecurityContextHolderAwareRequestFilter@72c1bf75, org.springframework.security.web.authentication.AnonymousAuthenticationFilter@472dbaf5, org.springframework.security.web.session.SessionManagementFilter@6219006a, org.springframework.security.web.access.ExceptionTranslationFilter@452e2210]
2022-10-23 23:30:22.547 INFO  [main]s.d.s.web.PropertySourcedRequestMappingHandlerMapping.initHandlerMethods:69 -Mapped URL path [/v2/api-docs] onto method [springfox.documentation.swagger2.web.Swagger2Controller#getDocumentation(String, HttpServletRequest)]
2022-10-23 23:30:23.011 INFO  [main]org.apache.coyote.http11.Http11NioProtocol.log:173 -Starting ProtocolHandler ["http-nio-9009"]
2022-10-23 23:30:23.042 INFO  [main]o.s.boot.web.embedded.tomcat.TomcatWebServer.start:220 -Tomcat started on port(s): 9009 (http) with context path '/absence'
2022-10-23 23:30:23.042 INFO  [main]s.d.spring.web.plugins.DocumentationPluginsBootstrapper.start:160 -Context refreshed
2022-10-23 23:30:23.054 INFO  [main]s.d.spring.web.plugins.DocumentationPluginsBootstrapper.start:163 -Found 1 custom documentation plugin(s)
2022-10-23 23:30:23.079 INFO  [main]s.d.spring.web.scanners.ApiListingReferenceScanner.scan:41 -Scanning for api listing references
2022-10-23 23:30:23.185 INFO  [main]s.d.s.w.readers.operation.CachingOperationNameGenerator.startingWith:40 -Generating unique operation named: addUsingPOST_1
2022-10-23 23:30:23.186 INFO  [main]s.d.s.w.readers.operation.CachingOperationNameGenerator.startingWith:40 -Generating unique operation named: deleteByIdUsingDELETE_1
2022-10-23 23:30:23.188 INFO  [main]s.d.s.w.readers.operation.CachingOperationNameGenerator.startingWith:40 -Generating unique operation named: editUsingPUT_1
2022-10-23 23:30:23.190 INFO  [main]s.d.s.w.readers.operation.CachingOperationNameGenerator.startingWith:40 -Generating unique operation named: pageQueryUsingPOST_1
2022-10-23 23:30:23.192 INFO  [main]s.d.s.w.readers.operation.CachingOperationNameGenerator.startingWith:40 -Generating unique operation named: queryByIdUsingGET_1
2022-10-23 23:30:23.216 INFO  [main]com.yang.absence.AbsenceApplication.logStarted:61 -Started AbsenceApplication in 5.183 seconds (JVM running for 6.253)
2022-10-23 23:30:24.138 INFO  [RMI TCP Connection(2)-192.168.220.1]o.a.c.core.ContainerBase.[Tomcat].[localhost].[/absence].log:173 -Initializing Spring DispatcherServlet 'dispatcherServlet'
2022-10-23 23:30:24.139 INFO  [RMI TCP Connection(2)-192.168.220.1]org.springframework.web.servlet.DispatcherServlet.initServletBean:525 -Initializing Servlet 'dispatcherServlet'
2022-10-23 23:30:24.140 INFO  [RMI TCP Connection(2)-192.168.220.1]org.springframework.web.servlet.DispatcherServlet.initServletBean:547 -Completed initialization in 1 ms
2022-10-23 23:30:24.140 INFO  [RMI TCP Connection(3)-192.168.220.1]com.zaxxer.hikari.HikariDataSource.getConnection:110 -HikariPool-2 - Starting...
2022-10-23 23:30:24.158 INFO  [RMI TCP Connection(3)-192.168.220.1]com.zaxxer.hikari.HikariDataSource.getConnection:123 -HikariPool-2 - Start completed.
2022-10-23 23:30:47.130 INFO  [SpringContextShutdownHook]com.zaxxer.hikari.HikariDataSource.close:350 -HikariPool-2 - Shutdown initiated...
2022-10-23 23:30:47.137 INFO  [SpringContextShutdownHook]com.zaxxer.hikari.HikariDataSource.close:352 -HikariPool-2 - Shutdown completed.
2022-10-23 23:30:47.142 INFO  [SpringContextShutdownHook]com.zaxxer.hikari.HikariDataSource.close:350 -HikariPool-1 - Shutdown initiated...
2022-10-23 23:30:47.145 INFO  [SpringContextShutdownHook]com.zaxxer.hikari.HikariDataSource.close:352 -HikariPool-1 - Shutdown completed.
